<?xml version="1.0" encoding="UTF-8"?>
<testng-results ignored="0" total="1" passed="1" failed="0" skipped="0">
  <reporter-output>
  </reporter-output>
  <suite started-at="2024-04-24T19:13:10 IST" name="Suite" finished-at="2024-04-24T19:13:16 IST" duration-ms="6045">
    <groups>
    </groups>
    <test started-at="2024-04-24T19:13:10 IST" name="Test" finished-at="2024-04-24T19:13:16 IST" duration-ms="6045">
      <class name="com.jenkins.JenkinsDemo.Demo_For_Jenkins">
        <test-method signature="demo()[pri:0, instance:com.jenkins.JenkinsDemo.Demo_For_Jenkins@4a94ee4]" started-at="2024-04-24T19:13:10 IST" name="demo" finished-at="2024-04-24T19:13:16 IST" duration-ms="5970" status="PASS">
          <reporter-output>
          </reporter-output>
        </test-method> <!-- demo -->
      </class> <!-- com.jenkins.JenkinsDemo.Demo_For_Jenkins -->
    </test> <!-- Test -->
  </suite> <!-- Suite -->
</testng-results>
