<?xml version="1.0" encoding="UTF-8"?>
<testng-results ignored="0" total="1" passed="1" failed="0" skipped="0">
  <reporter-output>
  </reporter-output>
  <suite started-at="2024-04-25T12:15:49 IST" name="Suite" finished-at="2024-04-25T12:16:04 IST" duration-ms="15433">
    <groups>
    </groups>
    <test started-at="2024-04-25T12:15:49 IST" name="Test" finished-at="2024-04-25T12:16:04 IST" duration-ms="15433">
      <class name="com.jenkins.JenkinsDemo.Demo_For_Jenkins">
        <test-method signature="demo(java.lang.String)[pri:0, instance:com.jenkins.JenkinsDemo.Demo_For_Jenkins@67d48005]" started-at="2024-04-25T12:15:49 IST" name="demo" finished-at="2024-04-25T12:16:04 IST" duration-ms="15353" status="PASS">
          <params>
            <param index="0">
              <value>
                <![CDATA[Edge]]>
              </value>
            </param>
          </params>
          <reporter-output>
          </reporter-output>
        </test-method> <!-- demo -->
      </class> <!-- com.jenkins.JenkinsDemo.Demo_For_Jenkins -->
    </test> <!-- Test -->
  </suite> <!-- Suite -->
</testng-results>
