<?xml version="1.0" encoding="UTF-8"?>
<testng-results ignored="0" total="1" passed="1" failed="0" skipped="0">
  <reporter-output>
  </reporter-output>
  <suite started-at="2024-04-24T18:35:53 IST" name="Default suite" finished-at="2024-04-24T18:35:59 IST" duration-ms="6409">
    <groups>
    </groups>
    <test started-at="2024-04-24T18:35:53 IST" name="Default test" finished-at="2024-04-24T18:35:59 IST" duration-ms="6409">
      <class name="com.jenkins.JenkinsDemo.Demo_For_Jenkins">
        <test-method signature="demo()[pri:0, instance:com.jenkins.JenkinsDemo.Demo_For_Jenkins@40a4337a]" started-at="2024-04-24T18:35:53 IST" name="demo" finished-at="2024-04-24T18:35:59 IST" duration-ms="6333" status="PASS">
          <reporter-output>
          </reporter-output>
        </test-method> <!-- demo -->
      </class> <!-- com.jenkins.JenkinsDemo.Demo_For_Jenkins -->
    </test> <!-- Default test -->
  </suite> <!-- Default suite -->
</testng-results>
